<?xml version="1.0" encoding="UTF-8"?>
<!-- Generated by org.testng.reporters.JUnitReportReporter -->
<testsuite skipped="0" hostname="LAPTOP-KO317EUS" name="pages.Ntest" tests="5" failures="0" timestamp="2020-04-11T22:08:08 PDT" time="5.742" errors="0">
  <testcase name="dropmenueTest" time="0.927" classname="pages.Ntest"/>
  <system-out/>
  <testcase name="sportTest" time="0.121" classname="pages.Ntest"/>
  <system-out/>
  <testcase name="nflTest" time="4.620" classname="pages.Ntest"/>
  <system-out/>
  <testcase name="textTest" time="0.073" classname="pages.Ntest"/>
  <system-out/>
  <testcase name="homeTest" time="0.001" classname="pages.Ntest"/>
  <system-out/>
</testsuite> <!-- pages.Ntest -->
