<?xml version="1.0" encoding="UTF-8"?>
<!-- Generated by org.testng.reporters.JUnitReportReporter -->
<testsuite skipped="0" hostname="LAPTOP-KO317EUS" name="pages.Ntest" tests="5" failures="0" timestamp="2020-04-11T18:54:20 PDT" time="5.836" errors="0">
  <testcase name="dropmenueTest" time="0.857" classname="pages.Ntest"/>
  <system-out/>
  <testcase name="sportTest" time="0.100" classname="pages.Ntest"/>
  <system-out/>
  <testcase name="nflTest" time="4.646" classname="pages.Ntest"/>
  <system-out/>
  <testcase name="textTest" time="0.073" classname="pages.Ntest"/>
  <system-out/>
  <testcase name="homeTest" time="0.160" classname="pages.Ntest"/>
  <system-out/>
</testsuite> <!-- pages.Ntest -->
