<?xml version="1.0" encoding="UTF-8"?>
<!-- Generated by org.testng.reporters.JUnitReportReporter -->
<testsuite skipped="0" hostname="LAPTOP-KO317EUS" name="pages.Mtest" tests="4" failures="0" timestamp="2020-04-11T09:05:48 PDT" time="2.582" errors="0">
  <testcase name="dropTest" time="1.550" classname="pages.Mtest"/>
  <system-out/>
  <testcase name="textboxTest" time="0.123" classname="pages.Mtest"/>
  <system-out/>
  <testcase name="mapssearchTest" time="0.645" classname="pages.Mtest"/>
  <system-out/>
  <testcase name="mapsTest" time="0.264" classname="pages.Mtest"/>
  <system-out/>
</testsuite> <!-- pages.Mtest -->
