<?xml version="1.0" encoding="UTF-8"?>
<!-- Generated by org.testng.reporters.JUnitReportReporter -->
<testsuite skipped="0" hostname="LAPTOP-KO317EUS" name="pages.Shotest" tests="4" failures="0" timestamp="2020-04-11T18:54:20 PDT" time="8.013" errors="0">
  <testcase name="dropmenubuttonTest" time="1.330" classname="pages.Shotest"/>
  <system-out/>
  <testcase name="itemsearchTest" time="0.055" classname="pages.Shotest"/>
  <system-out/>
  <testcase name="searchbuttonTest" time="1.578" classname="pages.Shotest"/>
  <system-out/>
  <testcase name="shoppingselectTest" time="5.050" classname="pages.Shotest"/>
  <system-out/>
</testsuite> <!-- pages.Shotest -->
