<?xml version="1.0" encoding="UTF-8"?>
<!-- Generated by org.testng.reporters.JUnitReportReporter -->
<testsuite skipped="0" hostname="LAPTOP-KO317EUS" name="pages.Shotest" tests="4" failures="0" timestamp="2020-04-11T09:05:48 PDT" time="1.736" errors="0">
  <testcase name="dropmenubuttonTest" time="0.506" classname="pages.Shotest"/>
  <system-out/>
  <testcase name="itemsearchTest" time="0.055" classname="pages.Shotest"/>
  <system-out/>
  <testcase name="searchbuttonTest" time="0.981" classname="pages.Shotest"/>
  <system-out/>
  <testcase name="shoppingselectTest" time="0.194" classname="pages.Shotest"/>
  <system-out/>
</testsuite> <!-- pages.Shotest -->
