<?xml version="1.0" encoding="UTF-8"?>
<!-- Generated by org.testng.reporters.JUnitReportReporter -->
<testsuite skipped="0" hostname="LAPTOP-KO317EUS" name="pages.Ntest" tests="5" failures="0" timestamp="2020-04-11T09:05:48 PDT" time="5.190" errors="0">
  <testcase name="dropmenueTest" time="0.418" classname="pages.Ntest"/>
  <system-out/>
  <testcase name="sportTest" time="0.110" classname="pages.Ntest"/>
  <system-out/>
  <testcase name="nflTest" time="4.416" classname="pages.Ntest"/>
  <system-out/>
  <testcase name="textTest" time="0.068" classname="pages.Ntest"/>
  <system-out/>
  <testcase name="homeTest" time="0.178" classname="pages.Ntest"/>
  <system-out/>
</testsuite> <!-- pages.Ntest -->
