<?xml version="1.0" encoding="UTF-8"?>
<!-- Generated by org.testng.reporters.JUnitReportReporter -->
<testsuite skipped="0" hostname="LAPTOP-KO317EUS" name="pages.shoppingTest" tests="5" failures="0" timestamp="2020-03-29T05:30:07 PDT" time="2.995" errors="0">
  <testcase name="dropmenubuttonTest" time="0.570" classname="pages.shoppingTest"/>
  <system-out/>
  <testcase name="homeTest" time="1.434" classname="pages.shoppingTest"/>
  <system-out/>
  <testcase name="itemsearchTest" time="0.062" classname="pages.shoppingTest"/>
  <system-out/>
  <testcase name="searchbuttonTest" time="0.758" classname="pages.shoppingTest"/>
  <system-out/>
  <testcase name="shoppingselectTest" time="0.171" classname="pages.shoppingTest"/>
  <system-out/>
</testsuite> <!-- pages.shoppingTest -->
