<?xml version="1.0" encoding="UTF-8"?>
<!-- Generated by org.testng.reporters.JUnitReportReporter -->
<testsuite skipped="0" hostname="LAPTOP-KO317EUS" name="bing.MainTest" tests="4" failures="0" timestamp="2020-03-27T00:30:38 PDT" time="25.018" errors="0">
  <testcase name="shoppingtest" time="7.006" classname="bing.MainTest"/>
  <system-out/>
  <testcase name="maptest" time="5.366" classname="bing.MainTest"/>
  <system-out/>
  <testcase name="maptest" time="7.356" classname="bing.MainTest"/>
  <system-out/>
  <testcase name="newstest" time="5.290" classname="bing.MainTest"/>
  <system-out/>
</testsuite> <!-- bing.MainTest -->
