<?xml version="1.0" encoding="UTF-8"?>
<!-- Generated by org.testng.reporters.JUnitReportReporter -->
<testsuite skipped="0" hostname="LAPTOP-KO317EUS" name="pages.Shotest" tests="4" failures="0" timestamp="2020-04-11T18:22:17 PDT" time="2.383" errors="0">
  <testcase name="dropmenubuttonTest" time="0.956" classname="pages.Shotest"/>
  <system-out/>
  <testcase name="itemsearchTest" time="0.070" classname="pages.Shotest"/>
  <system-out/>
  <testcase name="searchbuttonTest" time="1.162" classname="pages.Shotest"/>
  <system-out/>
  <testcase name="shoppingselectTest" time="0.195" classname="pages.Shotest"/>
  <system-out/>
</testsuite> <!-- pages.Shotest -->
