<?xml version="1.0" encoding="UTF-8"?>
<!-- Generated by org.testng.reporters.JUnitReportReporter -->
<testsuite skipped="0" hostname="LAPTOP-KO317EUS" name="pages.Mtest" tests="4" failures="0" timestamp="2020-04-11T22:11:40 PDT" time="2.739" errors="0">
  <testcase name="dropTest" time="1.802" classname="pages.Mtest"/>
  <system-out/>
  <testcase name="textboxTest" time="0.117" classname="pages.Mtest"/>
  <system-out/>
  <testcase name="mapssearchTest" time="0.537" classname="pages.Mtest"/>
  <system-out/>
  <testcase name="mapsTest" time="0.283" classname="pages.Mtest"/>
  <system-out/>
</testsuite> <!-- pages.Mtest -->
