<?xml version="1.0" encoding="UTF-8"?>
<!-- Generated by org.testng.reporters.JUnitReportReporter -->
<testsuite skipped="0" hostname="LAPTOP-KO317EUS" name="pages.Shotest" tests="4" failures="0" timestamp="2020-04-11T10:28:42 PDT" time="2.162" errors="0">
  <testcase name="dropmenubuttonTest" time="0.412" classname="pages.Shotest"/>
  <system-out/>
  <testcase name="itemsearchTest" time="0.084" classname="pages.Shotest"/>
  <system-out/>
  <testcase name="searchbuttonTest" time="1.414" classname="pages.Shotest"/>
  <system-out/>
  <testcase name="shoppingselectTest" time="0.252" classname="pages.Shotest"/>
  <system-out/>
</testsuite> <!-- pages.Shotest -->
