<?xml version="1.0" encoding="UTF-8"?>
<!-- Generated by org.testng.reporters.JUnitReportReporter -->
<testsuite skipped="0" hostname="LAPTOP-KO317EUS" name="pages.Shotest" tests="4" failures="0" timestamp="2020-04-11T18:46:47 PDT" time="2.421" errors="0">
  <testcase name="dropmenubuttonTest" time="0.762" classname="pages.Shotest"/>
  <system-out/>
  <testcase name="itemsearchTest" time="0.059" classname="pages.Shotest"/>
  <system-out/>
  <testcase name="searchbuttonTest" time="1.372" classname="pages.Shotest"/>
  <system-out/>
  <testcase name="shoppingselectTest" time="0.228" classname="pages.Shotest"/>
  <system-out/>
</testsuite> <!-- pages.Shotest -->
