<?xml version="1.0" encoding="UTF-8"?>
<!-- Generated by org.testng.reporters.JUnitReportReporter -->
<testsuite skipped="0" hostname="LAPTOP-KO317EUS" name="pages.Ntest" tests="5" failures="0" timestamp="2020-04-11T18:46:47 PDT" time="5.777" errors="0">
  <testcase name="dropmenueTest" time="0.934" classname="pages.Ntest"/>
  <system-out/>
  <testcase name="sportTest" time="0.102" classname="pages.Ntest"/>
  <system-out/>
  <testcase name="nflTest" time="4.463" classname="pages.Ntest"/>
  <system-out/>
  <testcase name="textTest" time="0.072" classname="pages.Ntest"/>
  <system-out/>
  <testcase name="homeTest" time="0.206" classname="pages.Ntest"/>
  <system-out/>
</testsuite> <!-- pages.Ntest -->
