<?xml version="1.0" encoding="UTF-8"?>
<!-- Generated by org.testng.reporters.JUnitReportReporter -->
<testsuite skipped="0" hostname="LAPTOP-KO317EUS" name="pages.Mtest" tests="4" failures="0" timestamp="2020-04-11T18:22:17 PDT" time="3.167" errors="0">
  <testcase name="dropTest" time="2.061" classname="pages.Mtest"/>
  <system-out/>
  <testcase name="textboxTest" time="0.105" classname="pages.Mtest"/>
  <system-out/>
  <testcase name="mapssearchTest" time="0.542" classname="pages.Mtest"/>
  <system-out/>
  <testcase name="mapsTest" time="0.459" classname="pages.Mtest"/>
  <system-out/>
</testsuite> <!-- pages.Mtest -->
